<?xml version="1.0" encoding="UTF-8"?>
<!-- Generated by org.testng.reporters.JUnitXMLReporter -->
<testsuite ignored="0" hostname="DESKTOP-ORVEKOM" failures="0" tests="5" name="Default test" time="42.378" errors="0" timestamp="2025-07-20T21:22:20 GMT+03:00">
  <testcase classname="MyTestCases" name="MyRegisterTest" time="7.762"/>
  <testcase classname="MyTestCases" name="MyLoginTest" time="5.266"/>
  <testcase classname="MyTestCases" name="RandomItemTest" time="9.802"/>
  <testcase classname="MyTestCases" name="SearchProductTest" time="6.371"/>
  <testcase classname="MyTestCases" name="LogoutTest" time="5.201"/>
</testsuite> <!-- Default test -->
