<?xml version="1.0" encoding="UTF-8"?>
<testng-results ignored="0" total="5" passed="5" failed="0" skipped="0">
  <reporter-output>
  </reporter-output>
  <suite started-at="2025-07-20T21:21:37 GMT+03:00" name="Default suite" finished-at="2025-07-20T21:22:20 GMT+03:00" duration-ms="42378">
    <groups>
    </groups>
    <test started-at="2025-07-20T21:21:37 GMT+03:00" name="Default test" finished-at="2025-07-20T21:22:20 GMT+03:00" duration-ms="42378">
      <class name="MyTestCases">
        <test-method is-config="true" signature="MySetup()[pri:0, instance:MyTestCases@fade1fc]" started-at="2025-07-20T21:21:37 GMT+03:00" name="MySetup" finished-at="2025-07-20T21:21:45 GMT+03:00" duration-ms="7878" status="PASS">
          <reporter-output>
          </reporter-output>
        </test-method> <!-- MySetup -->
        <test-method signature="MyRegisterTest()[pri:1, instance:MyTestCases@fade1fc]" started-at="2025-07-20T21:21:45 GMT+03:00" name="MyRegisterTest" finished-at="2025-07-20T21:21:53 GMT+03:00" duration-ms="7762" status="PASS">
          <reporter-output>
          </reporter-output>
        </test-method> <!-- MyRegisterTest -->
        <test-method signature="MyLoginTest()[pri:2, instance:MyTestCases@fade1fc]" started-at="2025-07-20T21:21:53 GMT+03:00" name="MyLoginTest" finished-at="2025-07-20T21:21:58 GMT+03:00" duration-ms="5266" status="PASS">
          <reporter-output>
          </reporter-output>
        </test-method> <!-- MyLoginTest -->
        <test-method signature="RandomItemTest()[pri:3, instance:MyTestCases@fade1fc]" started-at="2025-07-20T21:21:58 GMT+03:00" name="RandomItemTest" finished-at="2025-07-20T21:22:08 GMT+03:00" duration-ms="9802" status="PASS">
          <reporter-output>
          </reporter-output>
        </test-method> <!-- RandomItemTest -->
        <test-method signature="SearchProductTest()[pri:4, instance:MyTestCases@fade1fc]" started-at="2025-07-20T21:22:08 GMT+03:00" name="SearchProductTest" finished-at="2025-07-20T21:22:14 GMT+03:00" duration-ms="6371" status="PASS">
          <reporter-output>
          </reporter-output>
        </test-method> <!-- SearchProductTest -->
        <test-method signature="LogoutTest()[pri:5, instance:MyTestCases@fade1fc]" started-at="2025-07-20T21:22:14 GMT+03:00" name="LogoutTest" finished-at="2025-07-20T21:22:20 GMT+03:00" duration-ms="5201" status="PASS">
          <reporter-output>
          </reporter-output>
        </test-method> <!-- LogoutTest -->
      </class> <!-- MyTestCases -->
    </test> <!-- Default test -->
  </suite> <!-- Default suite -->
</testng-results>
